info it worked if it ends with ok
verbose cli [ 'node', '/usr/bin/npm', 'install', 'stylus', '-g' ]
info using npm@1.1.4
info using node@v0.6.12
verbose config file /home/haley/.npmrc
verbose config file /usr/etc/npmrc
verbose config file /usr/share/npm/npmrc
verbose cache add [ 'stylus', null ]
silly cache add: name, spec, args [ undefined, 'stylus', [ 'stylus', null ] ]
verbose parsed url { pathname: 'stylus', path: 'stylus', href: 'stylus' }
verbose addNamed [ 'stylus', '' ]
verbose addNamed [ null, '' ]
silly name, range, hasData [ 'stylus', '', false ]
verbose raw, before any munging stylus
verbose url resolving [ 'https://registry.npmjs.org/', './stylus' ]
verbose url resolved https://registry.npmjs.org/stylus
verbose etag "284CNNL69Z940JPN55ZIVQO63"
http GET https://registry.npmjs.org/stylus
http 304 https://registry.npmjs.org/stylus
silly get cb [ 304,
silly get cb   { server: 'CouchDB/1.2.1 (Erlang OTP/R15B)',
silly get cb     etag: '"284CNNL69Z940JPN55ZIVQO63"',
silly get cb     date: 'Wed, 06 Feb 2013 00:06:16 GMT',
silly get cb     'content-length': '0' } ]
verbose etag stylus from cache
silly name, range, hasData 2 [ 'stylus', '', true ]
silly versions [ 'stylus',
silly versions   [ '0.0.1',
silly versions     '0.0.2',
silly versions     '0.1.0',
silly versions     '0.2.0',
silly versions     '0.2.1',
silly versions     '0.3.0',
silly versions     '0.3.1',
silly versions     '0.4.0',
silly versions     '0.4.1',
silly versions     '0.5.0',
silly versions     '0.5.1',
silly versions     '0.5.2',
silly versions     '0.5.3',
silly versions     '0.6.0',
silly versions     '0.6.2',
silly versions     '0.6.3',
silly versions     '0.6.4',
silly versions     '0.6.5',
silly versions     '0.6.6',
silly versions     '0.6.7',
silly versions     '0.7.0',
silly versions     '0.7.1',
silly versions     '0.7.2',
silly versions     '0.7.3',
silly versions     '0.7.4',
silly versions     '0.8.0',
silly versions     '0.9.0',
silly versions     '0.9.1',
silly versions     '0.9.2',
silly versions     '0.10.0',
silly versions     '0.11.0',
silly versions     '0.11.1',
silly versions     '0.11.2',
silly versions     '0.11.3',
silly versions     '0.11.4',
silly versions     '0.11.5',
silly versions     '0.11.6',
silly versions     '0.11.7',
silly versions     '0.11.8',
silly versions     '0.11.9',
silly versions     '0.11.10',
silly versions     '0.11.11',
silly versions     '0.11.12',
silly versions     '0.12.0',
silly versions     '0.12.1',
silly versions     '0.12.2',
silly versions     '0.12.3',
silly versions     '0.12.4',
silly versions     '0.13.0',
silly versions     '0.13.1',
silly versions     '0.13.2',
silly versions     '0.13.3',
silly versions     '0.13.4',
silly versions     '0.13.5',
silly versions     '0.13.6',
silly versions     '0.13.7',
silly versions     '0.13.8',
silly versions     '0.13.9',
silly versions     '0.14.0',
silly versions     '0.15.0',
silly versions     '0.15.1',
silly versions     '0.15.2',
silly versions     '0.15.3',
silly versions     '0.15.4',
silly versions     '0.16.0',
silly versions     '0.17.0',
silly versions     '0.18.0',
silly versions     '0.19.0',
silly versions     '0.19.1',
silly versions     '0.19.2',
silly versions     '0.19.3',
silly versions     '0.19.4',
silly versions     '0.19.5',
silly versions     '0.19.6',
silly versions     '0.19.7',
silly versions     '0.19.8',
silly versions     '0.20.0',
silly versions     '0.20.1',
silly versions     '0.21.0',
silly versions     '0.21.1',
silly versions     '0.21.2',
silly versions     '0.22.0',
silly versions     '0.22.1',
silly versions     '0.22.2',
silly versions     '0.22.3',
silly versions     '0.22.4',
silly versions     '0.22.5',
silly versions     '0.22.6',
silly versions     '0.23.0',
silly versions     '0.24.0',
silly versions     '0.25.0',
silly versions     '0.26.0',
silly versions     '0.26.1',
silly versions     '0.27.0',
silly versions     '0.27.1',
silly versions     '0.27.2',
silly versions     '0.28.0',
silly versions     '0.28.1',
silly versions     '0.28.2',
silly versions     '0.29.0',
silly versions     '0.30.0',
silly versions     '0.30.1',
silly versions     '0.31.0',
silly versions     '0.32.0' ] ]
verbose bin dist [ '0.6-ares1.7.5-evundefined-openssl1.0.1-v83.7.12.22-linux-x64-3.2.0-37-generic',
verbose bin dist   { shasum: 'ea1d489d2beb3b92d08c9bcd94dcac8e509762f7',
verbose bin dist     tarball: 'http://registry.npmjs.org/stylus/-/stylus-0.32.0.tgz' } ]
verbose caching /home/haley/.npm/stylus/0.32.0/package/package.json
verbose loadDefaults stylus@0.32.0
silly resolved [ { name: 'stylus',
silly resolved     description: 'Robust, expressive, and feature-rich CSS superset',
silly resolved     version: '0.32.0',
silly resolved     author: { name: 'TJ Holowaychuk', email: 'tj@vision-media.ca' },
silly resolved     keywords: [ 'css', 'parser', 'style', 'stylesheets', 'jade', 'language' ],
silly resolved     repository: { type: 'git', url: 'git://github.com/learnboost/stylus.git' },
silly resolved     main: './index.js',
silly resolved     engines: { node: '*' },
silly resolved     bin: { stylus: './bin/stylus' },
silly resolved     scripts: { prepublish: 'npm prune', test: 'make test' },
silly resolved     dependencies: { cssom: '0.2.x', mkdirp: '0.3.x', debug: '*' },
silly resolved     devDependencies: { should: '*', mocha: '*' },
silly resolved     _id: 'stylus@0.32.0',
silly resolved     optionalDependencies: {},
silly resolved     _engineSupported: true,
silly resolved     _npmVersion: '1.1.4',
silly resolved     _nodeVersion: 'v0.6.12',
silly resolved     _defaultsLoaded: true,
silly resolved     _from: 'stylus' } ]
info into /usr/local/lib stylus@0.32.0
info installOne stylus@0.32.0
verbose from cache /home/haley/.npm/stylus/0.32.0/package/package.json
info unbuild /usr/local/lib/node_modules/stylus
verbose mkdir (expected) error ENOENT, no such file or directory '/usr/local/lib/node_modules'
verbose unpack_ uid, gid [ undefined, undefined ]
verbose unpackTarget /usr/local/lib/node_modules/stylus
ERR! Could not create /usr/local/lib/node_modules/___stylus.npm
ERR! error installing stylus@0.32.0
info unbuild /usr/local/lib/node_modules/stylus
verbose installOne cb stylus@0.32.0
ERR! Error: EACCES, permission denied '/usr/local/lib/node_modules'
ERR! 
ERR! Please try running this command again as root/Administrator.
ERR! 
ERR! System Linux 3.2.0-37-generic
ERR! command "node" "/usr/bin/npm" "install" "stylus" "-g"
ERR! cwd /home/haley/Web/CORE-Website/style
ERR! node -v v0.6.12
ERR! npm -v 1.1.4
ERR! path /usr/local/lib/node_modules
ERR! code EACCES
ERR! message EACCES, permission denied '/usr/local/lib/node_modules'
ERR! errno {}
verbose exit [ 1, true ]
